# JRE version: OpenJDK Runtime Environment (8.0_202-b03) (build 1.8.0_202-release-1483-b03)
# Java VM: OpenJDK 64-Bit Server VM (25.202-b03 mixed mode windows-amd64 compressed oops)
Heap:
 PSYoungGen      total 401920K, used 387023K [0x00000000e0000000, 0x0000000100000000, 0x0000000100000000)
  eden space 308224K, 97% used [0x00000000e0000000,0x00000000f241c6b0,0x00000000f2d00000)
  from space 93696K, 93% used [0x00000000fa480000,0x00000000ffa57608,0x0000000100000000)
  to   space 108032K, 0% used [0x00000000f2d00000,0x00000000f2d00000,0x00000000f9680000)
 ParOldGen       total 206336K, used 78276K [0x00000000a0000000, 0x00000000ac980000, 0x00000000e0000000)
  object space 206336K, 37% used [0x00000000a0000000,0x00000000a4c71008,0x00000000ac980000)
 Metaspace       used 102942K, capacity 109814K, committed 109972K, reserved 1144832K
  class space    used 13014K, capacity 14210K, committed 14268K, reserved 1048576K
GC Heap History (10 events):
Event: 4778.474 GC heap before
{Heap before GC invocations=55 (full 5):
 PSYoungGen      total 412672K, used 347523K [0x00000000e0000000, 0x00000000fef80000, 0x0000000100000000)
  eden space 315904K, 100% used [0x00000000e0000000,0x00000000f3480000,0x00000000f3480000)
  from space 96768K, 32% used [0x00000000f3480000,0x00000000f5360c58,0x00000000f9300000)
  to   space 91136K, 0% used [0x00000000f9680000,0x00000000f9680000,0x00000000fef80000)
 ParOldGen       total 206336K, used 72667K [0x00000000a0000000, 0x00000000ac980000, 0x00000000e0000000)
  object space 206336K, 35% used [0x00000000a0000000,0x00000000a46f6d88,0x00000000ac980000)
 Metaspace       used 101647K, capacity 108452K, committed 108564K, reserved 1144832K
  class space    used 12921K, capacity 14099K, committed 14140K, reserved 1048576K
Event: 4778.500 GC heap after
Heap after GC invocations=55 (full 5):
 PSYoungGen      total 402944K, used 29534K [0x00000000e0000000, 0x00000000fe380000, 0x0000000100000000)
  eden space 324096K, 0% used [0x00000000e0000000,0x00000000e0000000,0x00000000f3c80000)
  from space 78848K, 37% used [0x00000000f9680000,0x00000000fb3578d8,0x00000000fe380000)
  to   space 85504K, 0% used [0x00000000f3c80000,0x00000000f3c80000,0x00000000f9000000)
 ParOldGen       total 206336K, used 72675K [0x00000000a0000000, 0x00000000ac980000, 0x00000000e0000000)
  object space 206336K, 35% used [0x00000000a0000000,0x00000000a46f8d88,0x00000000ac980000)
 Metaspace       used 101647K, capacity 108452K, committed 108564K, reserved 1144832K
  class space    used 12921K, capacity 14099K, committed 14140K, reserved 1048576K
}
Event: 4847.819 GC heap before
{Heap before GC invocations=56 (full 5):
 PSYoungGen      total 402944K, used 353630K [0x00000000e0000000, 0x00000000fe380000, 0x0000000100000000)
  eden space 324096K, 100% used [0x00000000e0000000,0x00000000f3c80000,0x00000000f3c80000)
  from space 78848K, 37% used [0x00000000f9680000,0x00000000fb3578d8,0x00000000fe380000)
  to   space 85504K, 0% used [0x00000000f3c80000,0x00000000f3c80000,0x00000000f9000000)
 ParOldGen       total 206336K, used 72675K [0x00000000a0000000, 0x00000000ac980000, 0x00000000e0000000)
  object space 206336K, 35% used [0x00000000a0000000,0x00000000a46f8d88,0x00000000ac980000)
 Metaspace       used 101855K, capacity 108618K, committed 108820K, reserved 1144832K
  class space    used 12935K, capacity 14132K, committed 14140K, reserved 1048576K
Event: 4847.837 GC heap after
Heap after GC invocations=56 (full 5):
 PSYoungGen      total 409600K, used 15569K [0x00000000e0000000, 0x00000000fe300000, 0x0000000100000000)
  eden space 324096K, 0% used [0x00000000e0000000,0x00000000e0000000,0x00000000f3c80000)
  from space 85504K, 18% used [0x00000000f3c80000,0x00000000f4bb4710,0x00000000f9000000)
  to   space 81920K, 0% used [0x00000000f9300000,0x00000000f9300000,0x00000000fe300000)
 ParOldGen       total 206336K, used 72683K [0x00000000a0000000, 0x00000000ac980000, 0x00000000e0000000)
  object space 206336K, 35% used [0x00000000a0000000,0x00000000a46fad88,0x00000000ac980000)
 Metaspace       used 101855K, capacity 108618K, committed 108820K, reserved 1144832K
  class space    used 12935K, capacity 14132K, committed 14140K, reserved 1048576K
}
Event: 4859.653 GC heap before
{Heap before GC invocations=57 (full 5):
 PSYoungGen      total 409600K, used 339665K [0x00000000e0000000, 0x00000000fe300000, 0x0000000100000000)
  eden space 324096K, 100% used [0x00000000e0000000,0x00000000f3c80000,0x00000000f3c80000)
  from space 85504K, 18% used [0x00000000f3c80000,0x00000000f4bb4710,0x00000000f9000000)
  to   space 81920K, 0% used [0x00000000f9300000,0x00000000f9300000,0x00000000fe300000)
 ParOldGen       total 206336K, used 72683K [0x00000000a0000000, 0x00000000ac980000, 0x00000000e0000000)
  object space 206336K, 35% used [0x00000000a0000000,0x00000000a46fad88,0x00000000ac980000)
 Metaspace       used 102596K, capacity 109512K, committed 109716K, reserved 1144832K
  class space    used 12989K, capacity 14189K, committed 14268K, reserved 1048576K
Event: 4859.706 GC heap after
Heap after GC invocations=57 (full 5):
 PSYoungGen      total 413184K, used 29926K [0x00000000e0000000, 0x00000000fdf80000, 0x0000000100000000)
  eden space 334848K, 0% used [0x00000000e0000000,0x00000000e0000000,0x00000000f4700000)
  from space 78336K, 38% used [0x00000000f9300000,0x00000000fb0399b0,0x00000000fdf80000)
  to   space 77824K, 0% used [0x00000000f4700000,0x00000000f4700000,0x00000000f9300000)
 ParOldGen       total 206336K, used 72691K [0x00000000a0000000, 0x00000000ac980000, 0x00000000e0000000)
  object space 206336K, 35% used [0x00000000a0000000,0x00000000a46fcd88,0x00000000ac980000)
 Metaspace       used 102596K, capacity 109512K, committed 109716K, reserved 1144832K
  class space    used 12989K, capacity 14189K, committed 14268K, reserved 1048576K
}
Event: 4864.280 GC heap before
{Heap before GC invocations=58 (full 5):
 PSYoungGen      total 413184K, used 364774K [0x00000000e0000000, 0x00000000fdf80000, 0x0000000100000000)
  eden space 334848K, 100% used [0x00000000e0000000,0x00000000f4700000,0x00000000f4700000)
  from space 78336K, 38% used [0x00000000f9300000,0x00000000fb0399b0,0x00000000fdf80000)
  to   space 77824K, 0% used [0x00000000f4700000,0x00000000f4700000,0x00000000f9300000)
 ParOldGen       total 206336K, used 72691K [0x00000000a0000000, 0x00000000ac980000, 0x00000000e0000000)
  object space 206336K, 35% used [0x00000000a0000000,0x00000000a46fcd88,0x00000000ac980000)
 Metaspace       used 102768K, capacity 109698K, committed 109972K, reserved 1144832K
  class space    used 13005K, capacity 14202K, committed 14268K, reserved 1048576K
Event: 4864.433 GC heap after
Heap after GC invocations=58 (full 5):
 PSYoungGen      total 412672K, used 77821K [0x00000000e0000000, 0x0000000100000000, 0x0000000100000000)
  eden space 334848K, 0% used [0x00000000e0000000,0x00000000e0000000,0x00000000f4700000)
  from space 77824K, 99% used [0x00000000f4700000,0x00000000f92ff778,0x00000000f9300000)
  to   space 93696K, 0% used [0x00000000fa480000,0x00000000fa480000,0x0000000100000000)
 ParOldGen       total 206336K, used 78212K [0x00000000a0000000, 0x00000000ac980000, 0x00000000e0000000)
  object space 206336K, 37% used [0x00000000a0000000,0x00000000a4c61008,0x00000000ac980000)
 Metaspace       used 102768K, capacity 109698K, committed 109972K, reserved 1144832K
  class space    used 13005K, capacity 14202K, committed 14268K, reserved 1048576K
}
Event: 4868.993 GC heap before
{Heap before GC invocations=59 (full 5):
 PSYoungGen      total 412672K, used 412669K [0x00000000e0000000, 0x0000000100000000, 0x0000000100000000)
  eden space 334848K, 100% used [0x00000000e0000000,0x00000000f4700000,0x00000000f4700000)
  from space 77824K, 99% used [0x00000000f4700000,0x00000000f92ff778,0x00000000f9300000)
  to   space 93696K, 0% used [0x00000000fa480000,0x00000000fa480000,0x0000000100000000)
 ParOldGen       total 206336K, used 78212K [0x00000000a0000000, 0x00000000ac980000, 0x00000000e0000000)
  object space 206336K, 37% used [0x00000000a0000000,0x00000000a4c61008,0x00000000ac980000)
 Metaspace       used 102846K, capacity 109774K, committed 109972K, reserved 1144832K
  class space    used 13011K, capacity 14204K, committed 14268K, reserved 1048576K
Event: 4869.096 GC heap after
Heap after GC invocations=59 (full 5):
 PSYoungGen      total 401920K, used 87901K [0x00000000e0000000, 0x0000000100000000, 0x0000000100000000)
  eden space 308224K, 0% used [0x00000000e0000000,0x00000000e0000000,0x00000000f2d00000)
  from space 93696K, 93% used [0x00000000fa480000,0x00000000ffa57608,0x0000000100000000)
  to   space 108032K, 0% used [0x00000000f2d00000,0x00000000f2d00000,0x00000000f9680000)
 ParOldGen       total 206336K, used 78276K [0x00000000a0000000, 0x00000000ac980000, 0x00000000e0000000)
  object space 206336K, 37% used [0x00000000a0000000,0x00000000a4c71008,0x00000000ac980000)
 Metaspace       used 102846K, capacity 109774K, committed 109972K, reserved 1144832K
  class space    used 13011K, capacity 14204K, committed 14268K, reserved 1048576K
}

